Build started 6/1/2012 2:12:59 PM.
     1>Project "C:\Users\David H\Dropbox\Capstone-ARI\currentWorking\ARI Test v1\Test\Test\Test.vcxproj" on node 2 (build target(s)).
     1>InitializeBuildStatus:
         Touching "Debug\Test.unsuccessfulbuild".
       ClCompile:
         All outputs are up-to-date.
         c:\Program Files (x86)\Microsoft Visual Studio 10.0\VC\bin\CL.exe /c /ZI /nologo /W3 /WX- /Od /Oy- /D WIN32 /D _WINDOWS /D _DEBUG /D _UNICODE /D UNICODE /D _AFXDLL /Gm /EHsc /RTC1 /MDd /GS /fp:precise /Zc:wchar_t /Zc:forScope /Yu"StdAfx.h" /Fp"Debug\Test.pch" /Fo"Debug\\" /Fd"Debug\vc100.pdb" /Gd /TP /analyze- /errorReport:prompt Test.cpp TestDlg.cpp
         Skipping... (no relevant changes detected)
         TestDlg.cpp
         Test.cpp
       ResourceCompile:
         C:\Program Files (x86)\Microsoft SDKs\Windows\v7.0A\bin\rc.exe /D _DEBUG /D _UNICODE /D UNICODE /D _AFXDLL /l"0x0409" /IDebug\ /nologo /fo"Debug\Test.res" Test.rc 
       ManifestResourceCompile:
         C:\Program Files (x86)\Microsoft SDKs\Windows\v7.0A\bin\rc.exe /nologo /fo"Debug\Test.exe.embed.manifest.res" Debug\Test_manifest.rc 
       Link:
         c:\Program Files (x86)\Microsoft Visual Studio 10.0\VC\bin\link.exe /ERRORREPORT:PROMPT /OUT:"C:\Users\David H\Dropbox\Capstone-ARI\currentWorking\ARI Test v1\Test\Debug\Test.exe" /INCREMENTAL /NOLOGO /MANIFEST /ManifestFile:"Debug\Test.exe.intermediate.manifest" /MANIFESTUAC:"level='asInvoker' uiAccess='false'" /DEBUG /PDB:"C:\Users\David H\Dropbox\Capstone-ARI\currentWorking\ARI Test v1\Test\Debug\Test.pdb" /SUBSYSTEM:WINDOWS /TLBID:1 /ENTRY:"wWinMainCRTStartup" /DYNAMICBASE /NXCOMPAT /IMPLIB:"C:\Users\David H\Dropbox\Capstone-ARI\currentWorking\ARI Test v1\Test\Debug\Test.lib" /MACHINE:X86 Debug\Test.res
         Debug\Test.exe.embed.manifest.res
         Debug\stdafx.obj
         Debug\Test.obj
         Debug\TestDlg.obj
       Manifest:
         C:\Program Files (x86)\Microsoft SDKs\Windows\v7.0A\bin\mt.exe /nologo /verbose /out:"Debug\Test.exe.embed.manifest" /manifest Debug\Test.exe.intermediate.manifest "c:\Program Files (x86)\Microsoft Visual Studio 10.0\VC\Include\Manifest\dpiaware.manifest"
     1>FileTracker : error FTK1013: could not find unicode byte order marker in the file tracking log file: C:\Users\David H\Dropbox\Capstone-ARI\currentWorking\ARI Test v1\Test\Test\Debug\mt.read.1.tlog. The tracking data is invalid.
         
     1>Done Building Project "C:\Users\David H\Dropbox\Capstone-ARI\currentWorking\ARI Test v1\Test\Test\Test.vcxproj" (build target(s)) -- FAILED.

Build FAILED.

Time Elapsed 00:00:03.85
